<?xml version="1.0" encoding="UTF-8"?>
<!-- Generated by org.testng.reporters.JUnitReportReporter -->
<testsuite hostname="sysadmin-H81M-S" failures="0" tests="1" name="FirsttestNGpackage.broken" time="21.987" errors="0" timestamp="2019-12-02T16:45:13 IST" skipped="0">
  <testcase classname="FirsttestNGpackage.broken" name="beforeTest" time="21.987"/>
</testsuite> <!-- FirsttestNGpackage.broken -->
