<?xml version="1.0" encoding="UTF-8"?>
<!-- Generated by org.testng.reporters.JUnitReportReporter -->
<testsuite hostname="sysadmin-H81M-S" failures="0" tests="1" name="ihubstorestc.tc_08" time="14.818" errors="0" timestamp="2019-11-29T14:19:34 IST" skipped="0">
  <testcase classname="ihubstorestc.tc_08" name="signin" time="14.818"/>
</testsuite> <!-- ihubstorestc.tc_08 -->
