<?xml version="1.0" encoding="UTF-8"?>
<!-- Generated by org.testng.reporters.JUnitReportReporter -->
<testsuite hostname="sysadmin-H81M-S" failures="0" tests="1" name="ihubstorestc.tc_23" time="26.348" errors="0" timestamp="2019-11-28T18:56:19 IST" skipped="0">
  <testcase classname="ihubstorestc.tc_23" name="signin" time="26.348"/>
</testsuite> <!-- ihubstorestc.tc_23 -->
