<?xml version="1.0" encoding="UTF-8"?>
<!-- Generated by org.testng.reporters.JUnitReportReporter -->
<testsuite hostname="sysadmin-H81M-S" failures="0" tests="1" name="ihubfunctions.stores" time="23.576" errors="0" timestamp="2019-11-27T11:05:27 IST" skipped="0">
  <testcase classname="ihubfunctions.stores" name="f" time="23.576"/>
</testsuite> <!-- ihubfunctions.stores -->
