<?xml version="1.0" encoding="UTF-8"?>
<!-- Generated by org.testng.reporters.JUnitReportReporter -->
<testsuite hostname="sysadmin-H81M-S" failures="0" tests="2" name="ihub.Boys" time="27.522" errors="0" timestamp="2019-11-25T16:41:14 IST" skipped="0">
  <testcase classname="ihub.Boys" name="extra" time="11.671"/>
  <testcase classname="ihub.Boys" name="add" time="15.851"/>
</testsuite> <!-- ihub.Boys -->
