<?xml version="1.0" encoding="UTF-8"?>
<!-- Generated by org.testng.reporters.JUnitReportReporter -->
<testsuite hostname="sysadmin-H81M-S" failures="0" tests="1" name="ihubstorestc.tc_60_pendingorders" time="21.217" errors="0" timestamp="2019-12-14T11:01:00 IST" skipped="0">
  <testcase classname="ihubstorestc.tc_60_pendingorders" name="f" time="21.217"/>
</testsuite> <!-- ihubstorestc.tc_60_pendingorders -->
