<?xml version="1.0" encoding="UTF-8"?>
<!-- Generated by org.testng.reporters.JUnitReportReporter -->
<testsuite hostname="sysadmin-H81M-S" failures="0" tests="1" name="ihubfunctions.Teststore" time="44.035" errors="0" timestamp="2019-11-27T16:50:56 IST" skipped="0">
  <testcase classname="ihubfunctions.Teststore" name="test" time="44.035"/>
</testsuite> <!-- ihubfunctions.Teststore -->
