<?xml version="1.0" encoding="UTF-8"?>
<!-- Generated by org.testng.reporters.JUnitReportReporter -->
<testsuite hostname="sysadmin-H81M-S" failures="0" tests="1" name="ihubstorestc.tc_62_bookingorders" time="22.617" errors="0" timestamp="2019-12-14T11:00:14 IST" skipped="0">
  <testcase classname="ihubstorestc.tc_62_bookingorders" name="f" time="22.617"/>
</testsuite> <!-- ihubstorestc.tc_62_bookingorders -->
