<?xml version="1.0" encoding="UTF-8"?>
<!-- Generated by org.testng.reporters.JUnitReportReporter -->
<testsuite hostname="sysadmin-H81M-S" failures="0" tests="1" name="FirsttestNGpackage.loginTest" time="0.284" errors="0" timestamp="2019-10-16T14:34:01 IST" skipped="0">
  <testcase classname="FirsttestNGpackage.loginTest" name="tc1" time="0.284"/>
</testsuite> <!-- FirsttestNGpackage.loginTest -->
