<?xml version="1.0" encoding="UTF-8"?>
<!-- Generated by org.testng.reporters.JUnitReportReporter -->
<testsuite hostname="sysadmin-H81M-S" failures="0" tests="1" name="Ninjastore.ninjaTest" time="10.036" errors="0" timestamp="2019-11-05T10:34:35 IST" skipped="0">
  <testcase classname="Ninjastore.ninjaTest" name="tc1" time="10.036"/>
</testsuite> <!-- Ninjastore.ninjaTest -->
