<?xml version="1.0" encoding="UTF-8"?>
<!-- Generated by org.testng.reporters.JUnitReportReporter -->
<testsuite hostname="sysadmin-H81M-S" failures="0" tests="1" name="ihub.register" time="3.846" errors="0" timestamp="2019-11-21T12:34:03 IST" skipped="0">
  <testcase classname="ihub.register" name="signin" time="3.846"/>
</testsuite> <!-- ihub.register -->
