<?xml version="1.0" encoding="UTF-8"?>
<!-- Generated by org.testng.reporters.JUnitReportReporter -->
<testsuite hostname="sysadmin-H81M-S" failures="0" tests="1" name="ihub.TravelLuggage" time="6.542" errors="0" timestamp="2019-11-25T10:16:13 IST" skipped="0">
  <testcase classname="ihub.TravelLuggage" name="normal" time="6.542"/>
</testsuite> <!-- ihub.TravelLuggage -->
