<?xml version="1.0" encoding="UTF-8"?>
<!-- Generated by org.testng.reporters.JUnitReportReporter -->
<testsuite hostname="sysadmin-H81M-S" failures="0" tests="1" name="ihubstorestc.tc_09" time="26.648" errors="0" timestamp="2019-11-28T18:41:38 IST" skipped="0">
  <testcase classname="ihubstorestc.tc_09" name="signin" time="26.648"/>
</testsuite> <!-- ihubstorestc.tc_09 -->
