<?xml version="1.0" encoding="UTF-8"?>
<!-- Generated by org.testng.reporters.JUnitReportReporter -->
<testsuite hostname="sysadmin-H81M-S" failures="0" tests="2" name="FirsttestNGpackage.NewTest" time="3.243" errors="0" timestamp="2019-12-06T10:59:50 IST" skipped="0">
  <testcase classname="FirsttestNGpackage.NewTest" name="checkproductinstore" time="1.772"/>
  <testcase classname="FirsttestNGpackage.NewTest" name="addproduct" time="1.471"/>
</testsuite> <!-- FirsttestNGpackage.NewTest -->
