<?xml version="1.0" encoding="UTF-8"?>
<!-- Generated by org.testng.reporters.JUnitReportReporter -->
<testsuite hostname="sysadmin-H81M-S" failures="0" tests="10" name="ihubstorestc.loadtest" time="0.080" errors="0" timestamp="2019-12-12T16:58:46 IST" skipped="0">
  <testcase classname="ihubstorestc.loadtest" name="test1" time="0.002"/>
  <testcase classname="ihubstorestc.loadtest" name="test1" time="0.001"/>
  <testcase classname="ihubstorestc.loadtest" name="test1" time="0.005"/>
  <testcase classname="ihubstorestc.loadtest" name="test1" time="0.013"/>
  <testcase classname="ihubstorestc.loadtest" name="test1" time="0.001"/>
  <testcase classname="ihubstorestc.loadtest" name="test1" time="0.014"/>
  <testcase classname="ihubstorestc.loadtest" name="test1" time="0.012"/>
  <testcase classname="ihubstorestc.loadtest" name="test1" time="0.012"/>
  <testcase classname="ihubstorestc.loadtest" name="test1" time="0.010"/>
  <testcase classname="ihubstorestc.loadtest" name="test1" time="0.010"/>
</testsuite> <!-- ihubstorestc.loadtest -->
