<?xml version="1.0" encoding="UTF-8"?>
<!-- Generated by org.testng.reporters.JUnitReportReporter -->
<testsuite hostname="sysadmin-H81M-S" failures="0" tests="1" name="ihubts.NewTest" time="23.756" errors="0" timestamp="2019-12-19T19:27:55 IST" skipped="0">
  <testcase classname="ihubts.NewTest" name="a" time="23.756"/>
</testsuite> <!-- ihubts.NewTest -->
