<?xml version="1.0" encoding="UTF-8"?>
<!-- Generated by org.testng.reporters.JUnitReportReporter -->
<testsuite hostname="sysadmin-H81M-S" failures="0" tests="1" name="ihubstorestc.tc_17_createnewexp" time="15.726" errors="0" timestamp="2020-01-09T18:10:03 IST" skipped="0">
  <testcase classname="ihubstorestc.tc_17_createnewexp" name="signin" time="15.726"/>
</testsuite> <!-- ihubstorestc.tc_17_createnewexp -->
