<?xml version="1.0" encoding="UTF-8"?>
<!-- Generated by org.testng.reporters.JUnitReportReporter -->
<testsuite hostname="sysadmin-H81M-S" failures="0" tests="1" name="ihubstorestc.tc_01" time="13.050" errors="0" timestamp="2019-12-02T09:59:52 IST" skipped="0">
  <testcase classname="ihubstorestc.tc_01" name="signin" time="13.050"/>
</testsuite> <!-- ihubstorestc.tc_01 -->
