<?xml version="1.0" encoding="UTF-8"?>
<!-- Generated by org.testng.reporters.JUnitReportReporter -->
<testsuite hostname="sysadmin-H81M-S" failures="0" tests="1" name="FirsttestNGpackage.test" time="30.342" errors="0" timestamp="2019-12-12T10:16:41 IST" skipped="0">
  <testcase classname="FirsttestNGpackage.test" name="signin" time="30.342"/>
</testsuite> <!-- FirsttestNGpackage.test -->
