<?xml version="1.0" encoding="UTF-8"?>
<!-- Generated by org.testng.reporters.JUnitReportReporter -->
<testsuite hostname="sysadmin-H81M-S" failures="0" tests="1" name="ihubstorestc.tc_01_signin" time="6.266" errors="0" timestamp="2019-12-26T15:48:15 IST" skipped="0">
  <testcase classname="ihubstorestc.tc_01_signin" name="signin" time="6.266"/>
</testsuite> <!-- ihubstorestc.tc_01_signin -->
