<?xml version="1.0" encoding="UTF-8"?>
<!-- Generated by org.testng.reporters.JUnitReportReporter -->
<testsuite hostname="sysadmin-H81M-S" failures="0" tests="1" name="ihubstorestc.tc_02" time="24.399" errors="0" timestamp="2019-11-28T18:11:55 IST" skipped="0">
  <testcase classname="ihubstorestc.tc_02" name="signin" time="24.399"/>
</testsuite> <!-- ihubstorestc.tc_02 -->
