<?xml version="1.0" encoding="UTF-8"?>
<!-- Generated by org.testng.reporters.JUnitReportReporter -->
<testsuite hostname="sysadmin-H81M-S" failures="0" tests="1" name="ihubstorestc.tc_17" time="19.935" errors="0" timestamp="2019-11-29T10:10:28 IST" skipped="0">
  <testcase classname="ihubstorestc.tc_17" name="signin" time="19.935"/>
</testsuite> <!-- ihubstorestc.tc_17 -->
