<?xml version="1.0" encoding="UTF-8"?>
<!-- Generated by org.testng.reporters.JUnitReportReporter -->
<testsuite hostname="sysadmin-H81M-S" failures="0" tests="1" name="ihubfunctions.dailydeals" time="0.000" errors="0" timestamp="2019-12-12T15:19:16 IST" skipped="1">
  <testcase classname="ihubfunctions.dailydeals" name="extra" time="0.000">
    <skipped/>
  </testcase> <!-- extra -->
</testsuite> <!-- ihubfunctions.dailydeals -->
