<?xml version="1.0" encoding="UTF-8"?>
<!-- Generated by org.testng.reporters.JUnitReportReporter -->
<testsuite hostname="sysadmin-H81M-S" failures="0" tests="1" name="Ninjastore.screenshot" time="0.176" errors="0" timestamp="2019-11-25T14:43:13 IST" skipped="0">
  <testcase classname="Ninjastore.screenshot" name="scr" time="0.176"/>
</testsuite> <!-- Ninjastore.screenshot -->
