<?xml version="1.0" encoding="UTF-8"?>
<!-- Generated by org.testng.reporters.JUnitReportReporter -->
<testsuite hostname="sysadmin-H81M-S" failures="0" tests="1" name="ihubfunctions.Requestproduct" time="3.356" errors="0" timestamp="2019-11-26T10:05:16 IST" skipped="0">
  <testcase classname="ihubfunctions.Requestproduct" name="extra" time="3.356"/>
</testsuite> <!-- ihubfunctions.Requestproduct -->
